  System.cpp
  provere.cpp
  Process.cpp
  KernelProcess.cpp
c:\users\jelena-pc\documents\visual studio 2015\projects\os2\os2\kernelprocess.cpp(15): warning C4312: 'type cast': conversion from 'unsigned int' to 'unsigned int *' of greater size
c:\users\jelena-pc\documents\visual studio 2015\projects\os2\os2\kernelprocess.cpp(57): warning C4312: 'type cast': conversion from 'unsigned int' to 'unsigned int *' of greater size
c:\users\jelena-pc\documents\visual studio 2015\projects\os2\os2\kernelprocess.cpp(70): warning C4018: '<': signed/unsigned mismatch
c:\users\jelena-pc\documents\visual studio 2015\projects\os2\os2\kernelprocess.cpp(144): warning C4312: 'type cast': conversion from 'unsigned int' to 'unsigned int *' of greater size
c:\users\jelena-pc\documents\visual studio 2015\projects\os2\os2\kernelprocess.cpp(185): warning C4312: 'type cast': conversion from 'unsigned int' to 'unsigned int *' of greater size
c:\users\jelena-pc\documents\visual studio 2015\projects\os2\os2\kernelprocess.cpp(198): warning C4018: '<': signed/unsigned mismatch
c:\users\jelena-pc\documents\visual studio 2015\projects\os2\os2\kernelprocess.cpp(290): warning C4312: 'type cast': conversion from 'unsigned int' to 'unsigned int *' of greater size
c:\users\jelena-pc\documents\visual studio 2015\projects\os2\os2\kernelprocess.cpp(290): warning C4312: 'type cast': conversion from 'unsigned int' to 'Descriptor *' of greater size
c:\users\jelena-pc\documents\visual studio 2015\projects\os2\os2\kernelprocess.cpp(362): warning C4554: '&': check operator precedence for possible error; use parentheses to clarify precedence
c:\users\jelena-pc\documents\visual studio 2015\projects\os2\os2\kernelprocess.cpp(384): warning C4312: 'type cast': conversion from 'unsigned int' to 'unsigned int *' of greater size
  KernelSystem.cpp
c:\users\jelena-pc\documents\visual studio 2015\projects\os2\os2\kernelsystem.cpp(51): warning C4312: 'type cast': conversion from 'unsigned int' to 'unsigned int *' of greater size
c:\users\jelena-pc\documents\visual studio 2015\projects\os2\os2\kernelsystem.cpp(67): warning C4312: 'type cast': conversion from 'unsigned int' to 'unsigned int *' of greater size
c:\users\jelena-pc\documents\visual studio 2015\projects\os2\os2\kernelsystem.cpp(77): warning C4311: 'type cast': pointer truncation from 'PhysicalAddress' to 'unsigned int'
c:\users\jelena-pc\documents\visual studio 2015\projects\os2\os2\kernelsystem.cpp(77): warning C4302: 'type cast': truncation from 'PhysicalAddress' to 'unsigned int'
c:\users\jelena-pc\documents\visual studio 2015\projects\os2\os2\kernelsystem.cpp(101): warning C4312: 'type cast': conversion from 'unsigned int' to 'unsigned int *' of greater size
c:\users\jelena-pc\documents\visual studio 2015\projects\os2\os2\kernelsystem.cpp(112): warning C4311: 'type cast': pointer truncation from 'PhysicalAddress' to 'unsigned int'
c:\users\jelena-pc\documents\visual studio 2015\projects\os2\os2\kernelsystem.cpp(112): warning C4302: 'type cast': truncation from 'PhysicalAddress' to 'unsigned int'
c:\users\jelena-pc\documents\visual studio 2015\projects\os2\os2\kernelsystem.cpp(121): warning C4018: '<': signed/unsigned mismatch
c:\users\jelena-pc\documents\visual studio 2015\projects\os2\os2\kernelsystem.cpp(129): warning C4311: 'type cast': pointer truncation from 'unsigned int *' to 'unsigned int'
c:\users\jelena-pc\documents\visual studio 2015\projects\os2\os2\kernelsystem.cpp(129): warning C4302: 'type cast': truncation from 'unsigned int *' to 'unsigned int'
c:\users\jelena-pc\documents\visual studio 2015\projects\os2\os2\kernelsystem.cpp(160): warning C4312: 'type cast': conversion from 'unsigned int' to 'unsigned int *' of greater size
c:\users\jelena-pc\documents\visual studio 2015\projects\os2\os2\kernelsystem.cpp(194): warning C4552: '|': operator has no effect; expected operator with side-effect
  SystemTest.cpp
  RandomNumberGenerator.cpp
c:\users\jelena-pc\desktop\os2\projekat\javni_test\randomnumbergenerator.cpp(34): warning C4267: 'argument': conversion from 'size_t' to 'int', possible loss of data
  c:\users\jelena-pc\desktop\os2\projekat\javni_test\randomnumbergenerator.cpp(33): note: while compiling class template member function 'VirtualAddress RandomNumberGenerator<VirtualAddress>::getRandomNumberNonThreadSafe(const std::vector<std::pair<Number,Number>,std::allocator<_Ty>> &)'
          with
          [
              Number=VirtualAddress,
              _Ty=std::pair<VirtualAddress,VirtualAddress>
          ]
  c:\users\jelena-pc\desktop\os2\projekat\javni_test\randomnumbergenerator.cpp(11): note: see reference to function template instantiation 'VirtualAddress RandomNumberGenerator<VirtualAddress>::getRandomNumberNonThreadSafe(const std::vector<std::pair<Number,Number>,std::allocator<_Ty>> &)' being compiled
          with
          [
              Number=VirtualAddress,
              _Ty=std::pair<VirtualAddress,VirtualAddress>
          ]
  c:\users\jelena-pc\desktop\os2\projekat\javni_test\randomnumbergenerator.cpp(54): note: see reference to class template instantiation 'RandomNumberGenerator<VirtualAddress>' being compiled
  ProcessTest.cpp
c:\users\jelena-pc\desktop\os2\projekat\javni_test\processtest.cpp(37): warning C4018: '<': signed/unsigned mismatch
c:\users\jelena-pc\desktop\os2\projekat\javni_test\processtest.cpp(62): warning C4018: '<': signed/unsigned mismatch
c:\users\jelena-pc\desktop\os2\projekat\javni_test\processtest.cpp(143): warning C4244: '=': conversion from 'VirtualAddress' to 'char', possible loss of data
  main.cpp
  Generating Code...
c:\users\jelena-pc\documents\visual studio 2015\projects\os2\os2\kernelprocess.cpp(127): warning C4715: 'KernelProcess::RweToInt': not all control paths return a value
c:\users\jelena-pc\documents\visual studio 2015\projects\os2\os2\kernelprocess.cpp(316): warning C4715: 'KernelProcess::deleteSegment': not all control paths return a value
main.obj : error LNK2019: unresolved external symbol "public: __cdecl Partition::Partition(char const *)" (??0Partition@@QEAA@PEBD@Z) referenced in function main
main.obj : error LNK2019: unresolved external symbol "public: virtual __cdecl Partition::~Partition(void)" (??1Partition@@UEAA@XZ) referenced in function main
part.lib : warning LNK4272: library machine type 'X86' conflicts with target machine type 'x64'
C:\Users\Jelena-PC\Documents\Visual Studio 2015\Projects\OS2\x64\Debug\OS2.exe : fatal error LNK1120: 2 unresolved externals
